[1;31mWarning: Setting templatedir is deprecated. See http://links.puppetlabs.com/env-settings-deprecations
   (at /usr/lib/ruby/vendor_ruby/puppet/settings.rb:1095:in `block in issue_deprecations')[0m
[1;31mWarning: Config file /etc/puppet/hiera.yaml not found, using Hiera defaults[0m
[1;31mWarning: Scope(Class[Python]): Use of boolean values for the $virtualenv parameter is deprecated[0m
[1;31mWarning: Scope(Class[Python]): Use of boolean values for the $virtualenv parameter is deprecated[0m
[mNotice: Compiled catalog for vagrant-ubuntu-trusty-64.openstacklocal in environment production in 0.49 seconds[0m
[mNotice: /Stage[main]/Pkbuilder::Source/Exec[apt-get update]/returns: Hit http://security.ubuntu.com trusty-security InRelease[0m
[mNotice: /Stage[main]/Pkbuilder::Source/Exec[apt-get update]/returns: Ign http://apt.puppetlabs.com trusty InRelease[0m
[mNotice: /Stage[main]/Pkbuilder::Source/Exec[apt-get update]/returns: Hit http://security.ubuntu.com trusty-security/main Sources[0m
[mNotice: /Stage[main]/Pkbuilder::Source/Exec[apt-get update]/returns: Hit http://security.ubuntu.com trusty-security/universe Sources[0m
[mNotice: /Stage[main]/Pkbuilder::Source/Exec[apt-get update]/returns: Hit http://apt.puppetlabs.com trusty Release.gpg[0m
[mNotice: /Stage[main]/Pkbuilder::Source/Exec[apt-get update]/returns: Ign http://archive.ubuntu.com trusty InRelease[0m
[mNotice: /Stage[main]/Pkbuilder::Source/Exec[apt-get update]/returns: Hit http://security.ubuntu.com trusty-security/main amd64 Packages[0m
[mNotice: /Stage[main]/Pkbuilder::Source/Exec[apt-get update]/returns: Get:1 http://archive.ubuntu.com trusty-updates InRelease [64.4 kB][0m
[mNotice: /Stage[main]/Pkbuilder::Source/Exec[apt-get update]/returns: Hit http://security.ubuntu.com trusty-security/universe amd64 Packages[0m
[mNotice: /Stage[main]/Pkbuilder::Source/Exec[apt-get update]/returns: Hit http://apt.puppetlabs.com trusty Release[0m
[mNotice: /Stage[main]/Pkbuilder::Source/Exec[apt-get update]/returns: Hit http://security.ubuntu.com trusty-security/main Translation-en[0m
[mNotice: /Stage[main]/Pkbuilder::Source/Exec[apt-get update]/returns: Hit http://apt.puppetlabs.com trusty/main Sources[0m
[mNotice: /Stage[main]/Pkbuilder::Source/Exec[apt-get update]/returns: Hit http://security.ubuntu.com trusty-security/universe Translation-en[0m
[mNotice: /Stage[main]/Pkbuilder::Source/Exec[apt-get update]/returns: Hit http://apt.puppetlabs.com trusty/dependencies Sources[0m
[mNotice: /Stage[main]/Pkbuilder::Source/Exec[apt-get update]/returns: Hit http://archive.ubuntu.com trusty Release.gpg[0m
[mNotice: /Stage[main]/Pkbuilder::Source/Exec[apt-get update]/returns: Get:2 http://archive.ubuntu.com trusty-updates/main Sources [241 kB][0m
[mNotice: /Stage[main]/Pkbuilder::Source/Exec[apt-get update]/returns: Hit http://apt.puppetlabs.com trusty/main amd64 Packages[0m
[mNotice: /Stage[main]/Pkbuilder::Source/Exec[apt-get update]/returns: Hit http://apt.puppetlabs.com trusty/dependencies amd64 Packages[0m
[mNotice: /Stage[main]/Pkbuilder::Source/Exec[apt-get update]/returns: Get:3 http://archive.ubuntu.com trusty-updates/universe Sources [140 kB][0m
[mNotice: /Stage[main]/Pkbuilder::Source/Exec[apt-get update]/returns: Get:4 http://archive.ubuntu.com trusty-updates/main amd64 Packages [636 kB][0m
[mNotice: /Stage[main]/Pkbuilder::Source/Exec[apt-get update]/returns: Get:5 http://archive.ubuntu.com trusty-updates/universe amd64 Packages [324 kB][0m
[mNotice: /Stage[main]/Pkbuilder::Source/Exec[apt-get update]/returns: Hit http://archive.ubuntu.com trusty-updates/main Translation-en[0m
[mNotice: /Stage[main]/Pkbuilder::Source/Exec[apt-get update]/returns: Hit http://archive.ubuntu.com trusty-updates/universe Translation-en[0m
[mNotice: /Stage[main]/Pkbuilder::Source/Exec[apt-get update]/returns: Hit http://archive.ubuntu.com trusty Release[0m
[mNotice: /Stage[main]/Pkbuilder::Source/Exec[apt-get update]/returns: Hit http://archive.ubuntu.com trusty/main Sources[0m
[mNotice: /Stage[main]/Pkbuilder::Source/Exec[apt-get update]/returns: Hit http://archive.ubuntu.com trusty/universe Sources[0m
[mNotice: /Stage[main]/Pkbuilder::Source/Exec[apt-get update]/returns: Hit http://archive.ubuntu.com trusty/main amd64 Packages[0m
[mNotice: /Stage[main]/Pkbuilder::Source/Exec[apt-get update]/returns: Hit http://archive.ubuntu.com trusty/universe amd64 Packages[0m
[mNotice: /Stage[main]/Pkbuilder::Source/Exec[apt-get update]/returns: Hit http://archive.ubuntu.com trusty/main Translation-en[0m
[mNotice: /Stage[main]/Pkbuilder::Source/Exec[apt-get update]/returns: Hit http://archive.ubuntu.com trusty/universe Translation-en[0m
[mNotice: /Stage[main]/Pkbuilder::Source/Exec[apt-get update]/returns: Ign http://apt.puppetlabs.com trusty/dependencies Translation-en_US[0m
[mNotice: /Stage[main]/Pkbuilder::Source/Exec[apt-get update]/returns: Ign http://apt.puppetlabs.com trusty/dependencies Translation-en[0m
[mNotice: /Stage[main]/Pkbuilder::Source/Exec[apt-get update]/returns: Ign http://apt.puppetlabs.com trusty/main Translation-en_US[0m
[mNotice: /Stage[main]/Pkbuilder::Source/Exec[apt-get update]/returns: Ign http://archive.ubuntu.com trusty/main Translation-en_US[0m
[mNotice: /Stage[main]/Pkbuilder::Source/Exec[apt-get update]/returns: Ign http://apt.puppetlabs.com trusty/main Translation-en[0m
[mNotice: /Stage[main]/Pkbuilder::Source/Exec[apt-get update]/returns: Ign http://archive.ubuntu.com trusty/universe Translation-en_US[0m
[mNotice: /Stage[main]/Pkbuilder::Source/Exec[apt-get update]/returns: Fetched 1,405 kB in 6s (233 kB/s)[0m
[mNotice: /Stage[main]/Pkbuilder::Source/Exec[apt-get update]/returns: E: Could not get lock /var/lib/dpkg/lock - open (11: Resource temporarily unavailable)[0m
[mNotice: /Stage[main]/Pkbuilder::Source/Exec[apt-get update]/returns: E: Unable to lock the administration directory (/var/lib/dpkg/), is another process using it?[0m
[1;31mError: /usr/bin/apt-get update returned 100 instead of one of [0][0m
[1;31mError: /Stage[main]/Pkbuilder::Source/Exec[apt-get update]/returns: change from notrun to 0 failed: /usr/bin/apt-get update returned 100 instead of one of [0][0m
[mNotice: /Package[git]: Dependency Exec[apt-get update] has failures: true[0m
[1;31mWarning: /Package[git]: Skipping because of failed dependencies[0m
[1;31mError: Execution of '/usr/bin/apt-get -q -y -o DPkg::Options::=--force-confold install python-dev' returned 100: E: Could not get lock /var/lib/dpkg/lock - open (11: Resource temporarily unavailable)
E: Unable to lock the administration directory (/var/lib/dpkg/), is another process using it?[0m
[1;31mError: /Stage[main]/Python::Install/Package[python-dev]/ensure: change from purged to present failed: Execution of '/usr/bin/apt-get -q -y -o DPkg::Options::=--force-confold install python-dev' returned 100: E: Could not get lock /var/lib/dpkg/lock - open (11: Resource temporarily unavailable)
E: Unable to lock the administration directory (/var/lib/dpkg/), is another process using it?[0m
[1;31mError: Execution of '/usr/bin/apt-get -q -y -o DPkg::Options::=--force-confold install python-virtualenv' returned 100: E: Could not get lock /var/lib/dpkg/lock - open (11: Resource temporarily unavailable)
E: Unable to lock the administration directory (/var/lib/dpkg/), is another process using it?[0m
[1;31mError: /Stage[main]/Python::Install/Package[virtualenv]/ensure: change from purged to present failed: Execution of '/usr/bin/apt-get -q -y -o DPkg::Options::=--force-confold install python-virtualenv' returned 100: E: Could not get lock /var/lib/dpkg/lock - open (11: Resource temporarily unavailable)
E: Unable to lock the administration directory (/var/lib/dpkg/), is another process using it?[0m
[mNotice: /Stage[main]/Python/Anchor[python::end]: Dependency Package[python-dev] has failures: true[0m
[mNotice: /Stage[main]/Python/Anchor[python::end]: Dependency Package[virtualenv] has failures: true[0m
[1;31mWarning: /Stage[main]/Python/Anchor[python::end]: Skipping because of failed dependencies[0m
[mNotice: /Stage[main]/Pkbuilder::Pithon/Python::Virtualenv[/home/root/pkbuilder/venv]/File[/home/root/pkbuilder/venv]: Dependency Package[python-dev] has failures: true[0m
[mNotice: /Stage[main]/Pkbuilder::Pithon/Python::Virtualenv[/home/root/pkbuilder/venv]/File[/home/root/pkbuilder/venv]: Dependency Package[virtualenv] has failures: true[0m
[1;31mWarning: /Stage[main]/Pkbuilder::Pithon/Python::Virtualenv[/home/root/pkbuilder/venv]/File[/home/root/pkbuilder/venv]: Skipping because of failed dependencies[0m
[mNotice: /Stage[main]/Pkbuilder::Pithon/Python::Virtualenv[/home/root/pkbuilder/venv]/Exec[python_virtualenv_/home/root/pkbuilder/venv]: Dependency Package[python-dev] has failures: true[0m
[mNotice: /Stage[main]/Pkbuilder::Pithon/Python::Virtualenv[/home/root/pkbuilder/venv]/Exec[python_virtualenv_/home/root/pkbuilder/venv]: Dependency Package[virtualenv] has failures: true[0m
[1;31mWarning: /Stage[main]/Pkbuilder::Pithon/Python::Virtualenv[/home/root/pkbuilder/venv]/Exec[python_virtualenv_/home/root/pkbuilder/venv]: Skipping because of failed dependencies[0m
[mNotice: /Stage[main]/Pkbuilder::Pithon/Python::Virtualenv[/home/root/pkbuilder/venv]/Exec[python_requirements_initial_install_/home/root/pkbuilder/requirements.txt_/home/root/pkbuilder/venv]: Dependency Package[python-dev] has failures: true[0m
[mNotice: /Stage[main]/Pkbuilder::Pithon/Python::Virtualenv[/home/root/pkbuilder/venv]/Exec[python_requirements_initial_install_/home/root/pkbuilder/requirements.txt_/home/root/pkbuilder/venv]: Dependency Package[virtualenv] has failures: true[0m
[1;31mWarning: /Stage[main]/Pkbuilder::Pithon/Python::Virtualenv[/home/root/pkbuilder/venv]/Exec[python_requirements_initial_install_/home/root/pkbuilder/requirements.txt_/home/root/pkbuilder/venv]: Skipping because of failed dependencies[0m
[mNotice: /Stage[main]/Pkbuilder::Pithon/Python::Virtualenv[/home/root/pkbuilder/venv]/Python::Requirements[/home/root/pkbuilder/requirements.txt_/home/root/pkbuilder/venv]/File[/home/root/pkbuilder/requirements.txt]: Dependency Package[python-dev] has failures: true[0m
[mNotice: /Stage[main]/Pkbuilder::Pithon/Python::Virtualenv[/home/root/pkbuilder/venv]/Python::Requirements[/home/root/pkbuilder/requirements.txt_/home/root/pkbuilder/venv]/File[/home/root/pkbuilder/requirements.txt]: Dependency Package[virtualenv] has failures: true[0m
[1;31mWarning: /Stage[main]/Pkbuilder::Pithon/Python::Virtualenv[/home/root/pkbuilder/venv]/Python::Requirements[/home/root/pkbuilder/requirements.txt_/home/root/pkbuilder/venv]/File[/home/root/pkbuilder/requirements.txt]: Skipping because of failed dependencies[0m
[mNotice: /Stage[main]/Pkbuilder::Pithon/Python::Virtualenv[/home/root/pkbuilder/venv]/Python::Requirements[/home/root/pkbuilder/requirements.txt_/home/root/pkbuilder/venv]/Exec[python_requirements/home/root/pkbuilder/requirements.txt_/home/root/pkbuilder/venv]: Dependency Package[python-dev] has failures: true[0m
[mNotice: /Stage[main]/Pkbuilder::Pithon/Python::Virtualenv[/home/root/pkbuilder/venv]/Python::Requirements[/home/root/pkbuilder/requirements.txt_/home/root/pkbuilder/venv]/Exec[python_requirements/home/root/pkbuilder/requirements.txt_/home/root/pkbuilder/venv]: Dependency Package[virtualenv] has failures: true[0m
[1;31mWarning: /Stage[main]/Pkbuilder::Pithon/Python::Virtualenv[/home/root/pkbuilder/venv]/Python::Requirements[/home/root/pkbuilder/requirements.txt_/home/root/pkbuilder/venv]/Exec[python_requirements/home/root/pkbuilder/requirements.txt_/home/root/pkbuilder/venv]: Skipping because of failed dependencies[0m
[mNotice: Finished catalog run in 6.80 seconds[0m
[1;31mWarning: Setting templatedir is deprecated. See http://links.puppetlabs.com/env-settings-deprecations
   (at /usr/lib/ruby/vendor_ruby/puppet/settings.rb:1095:in `block in issue_deprecations')[0m
[1;31mWarning: Config file /etc/puppet/hiera.yaml not found, using Hiera defaults[0m
[1;31mWarning: Scope(Class[Python]): Use of boolean values for the $virtualenv parameter is deprecated[0m
[1;31mWarning: Scope(Class[Python]): Use of boolean values for the $virtualenv parameter is deprecated[0m
[mNotice: Compiled catalog for vagrant-ubuntu-trusty-64.openstacklocal in environment production in 0.58 seconds[0m
[mNotice: /Stage[main]/Pkbuilder::Source/Exec[apt-get update]/returns: executed successfully[0m
[mNotice: /Stage[main]/Python::Install/Package[virtualenv]/ensure: ensure changed 'purged' to 'present'[0m
[mNotice: /Stage[main]/Pkbuilder::Pithon/Python::Virtualenv[/home/root/pkbuilder/venv]/Exec[python_virtualenv_/home/root/pkbuilder/venv]/returns: Already using interpreter /usr/bin/python[0m
[mNotice: /Stage[main]/Pkbuilder::Pithon/Python::Virtualenv[/home/root/pkbuilder/venv]/Exec[python_virtualenv_/home/root/pkbuilder/venv]/returns: New python executable in /home/root/pkbuilder/venv/bin/python[0m
[mNotice: /Stage[main]/Pkbuilder::Pithon/Python::Virtualenv[/home/root/pkbuilder/venv]/Exec[python_virtualenv_/home/root/pkbuilder/venv]/returns: Installing setuptools, pip...done.[0m
[mNotice: /Stage[main]/Pkbuilder::Pithon/Python::Virtualenv[/home/root/pkbuilder/venv]/Exec[python_virtualenv_/home/root/pkbuilder/venv]/returns: Cannot fetch index base URL https://pypi.python.org/simple/[0m
[mNotice: /Stage[main]/Pkbuilder::Pithon/Python::Virtualenv[/home/root/pkbuilder/venv]/Exec[python_virtualenv_/home/root/pkbuilder/venv]/returns: Could not find any downloads that satisfy the requirement pip in /home/root/pkbuilder/venv/lib/python2.7/site-packages[0m
[mNotice: /Stage[main]/Pkbuilder::Pithon/Python::Virtualenv[/home/root/pkbuilder/venv]/Exec[python_virtualenv_/home/root/pkbuilder/venv]/returns: Downloading/unpacking pip[0m
[mNotice: /Stage[main]/Pkbuilder::Pithon/Python::Virtualenv[/home/root/pkbuilder/venv]/Exec[python_virtualenv_/home/root/pkbuilder/venv]/returns: Cleaning up...[0m
[mNotice: /Stage[main]/Pkbuilder::Pithon/Python::Virtualenv[/home/root/pkbuilder/venv]/Exec[python_virtualenv_/home/root/pkbuilder/venv]/returns: No distributions at all found for pip in /home/root/pkbuilder/venv/lib/python2.7/site-packages[0m
[mNotice: /Stage[main]/Pkbuilder::Pithon/Python::Virtualenv[/home/root/pkbuilder/venv]/Exec[python_virtualenv_/home/root/pkbuilder/venv]/returns: Storing debug log for failure in /root/.pip/pip.log[0m
[mNotice: /Stage[main]/Pkbuilder::Pithon/Python::Virtualenv[/home/root/pkbuilder/venv]/Exec[python_virtualenv_/home/root/pkbuilder/venv]/returns: Cannot fetch index base URL https://pypi.python.org/simple/[0m
[mNotice: /Stage[main]/Pkbuilder::Pithon/Python::Virtualenv[/home/root/pkbuilder/venv]/Exec[python_virtualenv_/home/root/pkbuilder/venv]/returns: Could not find any downloads that satisfy the requirement pip in /home/root/pkbuilder/venv/lib/python2.7/site-packages[0m
[mNotice: /Stage[main]/Pkbuilder::Pithon/Python::Virtualenv[/home/root/pkbuilder/venv]/Exec[python_virtualenv_/home/root/pkbuilder/venv]/returns: Downloading/unpacking pip[0m
[mNotice: /Stage[main]/Pkbuilder::Pithon/Python::Virtualenv[/home/root/pkbuilder/venv]/Exec[python_virtualenv_/home/root/pkbuilder/venv]/returns: Cleaning up...[0m
[mNotice: /Stage[main]/Pkbuilder::Pithon/Python::Virtualenv[/home/root/pkbuilder/venv]/Exec[python_virtualenv_/home/root/pkbuilder/venv]/returns: No distributions at all found for pip in /home/root/pkbuilder/venv/lib/python2.7/site-packages[0m
[mNotice: /Stage[main]/Pkbuilder::Pithon/Python::Virtualenv[/home/root/pkbuilder/venv]/Exec[python_virtualenv_/home/root/pkbuilder/venv]/returns: Storing debug log for failure in /root/.pip/pip.log[0m
[1;31mError: true  && virtualenv --no-site-packages -p python /home/root/pkbuilder/venv && /home/root/pkbuilder/venv/bin/pip wheel --help > /dev/null 2>&1 && { /home/root/pkbuilder/venv/bin/pip wheel --version > /dev/null 2>&1 || wheel_support_flag='--no-use-wheel'; } ; { /home/root/pkbuilder/venv/bin/pip --log /home/root/pkbuilder/venv/pip.log install   $wheel_support_flag --upgrade pip distribute || /home/root/pkbuilder/venv/bin/pip --log /home/root/pkbuilder/venv/pip.log install    --upgrade pip distribute ;} returned 1 instead of one of [0][0m
[1;31mError: /Stage[main]/Pkbuilder::Pithon/Python::Virtualenv[/home/root/pkbuilder/venv]/Exec[python_virtualenv_/home/root/pkbuilder/venv]/returns: change from notrun to 0 failed: true  && virtualenv --no-site-packages -p python /home/root/pkbuilder/venv && /home/root/pkbuilder/venv/bin/pip wheel --help > /dev/null 2>&1 && { /home/root/pkbuilder/venv/bin/pip wheel --version > /dev/null 2>&1 || wheel_support_flag='--no-use-wheel'; } ; { /home/root/pkbuilder/venv/bin/pip --log /home/root/pkbuilder/venv/pip.log install   $wheel_support_flag --upgrade pip distribute || /home/root/pkbuilder/venv/bin/pip --log /home/root/pkbuilder/venv/pip.log install    --upgrade pip distribute ;} returned 1 instead of one of [0][0m
[mNotice: /Stage[main]/Pkbuilder::Pithon/Python::Virtualenv[/home/root/pkbuilder/venv]/Exec[python_requirements_initial_install_/home/root/pkbuilder/requirements.txt_/home/root/pkbuilder/venv]: Dependency Exec[python_virtualenv_/home/root/pkbuilder/venv] has failures: true[0m
[1;31mWarning: /Stage[main]/Pkbuilder::Pithon/Python::Virtualenv[/home/root/pkbuilder/venv]/Exec[python_requirements_initial_install_/home/root/pkbuilder/requirements.txt_/home/root/pkbuilder/venv]: Skipping because of failed dependencies[0m
[mNotice: /Stage[main]/Pkbuilder::Pithon/Python::Virtualenv[/home/root/pkbuilder/venv]/Python::Requirements[/home/root/pkbuilder/requirements.txt_/home/root/pkbuilder/venv]/File[/home/root/pkbuilder/requirements.txt]: Dependency Exec[python_virtualenv_/home/root/pkbuilder/venv] has failures: true[0m
[1;31mWarning: /Stage[main]/Pkbuilder::Pithon/Python::Virtualenv[/home/root/pkbuilder/venv]/Python::Requirements[/home/root/pkbuilder/requirements.txt_/home/root/pkbuilder/venv]/File[/home/root/pkbuilder/requirements.txt]: Skipping because of failed dependencies[0m
[mNotice: /Stage[main]/Pkbuilder::Pithon/Python::Virtualenv[/home/root/pkbuilder/venv]/Python::Requirements[/home/root/pkbuilder/requirements.txt_/home/root/pkbuilder/venv]/Exec[python_requirements/home/root/pkbuilder/requirements.txt_/home/root/pkbuilder/venv]: Dependency Exec[python_virtualenv_/home/root/pkbuilder/venv] has failures: true[0m
[1;31mWarning: /Stage[main]/Pkbuilder::Pithon/Python::Virtualenv[/home/root/pkbuilder/venv]/Python::Requirements[/home/root/pkbuilder/requirements.txt_/home/root/pkbuilder/venv]/Exec[python_requirements/home/root/pkbuilder/requirements.txt_/home/root/pkbuilder/venv]: Skipping because of failed dependencies[0m
[mNotice: Finished catalog run in 35.24 seconds[0m
